<?xml version="1.0" encoding="UTF-8" ?>
<testsuites>
 <testsuite name="ChildLogger" timestamp="2017-11-22T16:56:50" hostname="localhost" time="0.031" errors="0" tests="9" skipped="0" disabled="0" failures="0">
  <testcase classname="ChildLogger" name="info(&apos;plain text&apos;) should forward message and info level" time="0.015" />
  <testcase classname="ChildLogger" name="info(&apos;plain text&apos;) should add _logger=&apos;main&apos; meta data" time="0" />
  <testcase classname="ChildLogger" name="info(&apos;plain text&apos;, {name: &apos;hugo&apos;}) should add _logger=&apos;main&apos; meta data" time="0" />
  <testcase classname="ChildLogger" name="info(&apos;plain text&apos;, [true]) should add _logger=&apos;main&apos; meta data and set true as &apos;_&apos; member" time="0" />
  <testcase classname="ChildLogger" name="error(&apos;plain text&apos;) should log error level" time="0" />
  <testcase classname="ChildLogger" name="warn(&apos;plain text&apos;) should log warn level" time="0" />
  <testcase classname="ChildLogger" name="debug(&apos;plain text&apos;) should log debug level" time="0" />
  <testcase classname="ChildLogger" name="trace(&apos;plain text&apos;) should log trace level" time="0" />
  <testcase classname="ChildLogger" name="trace(&apos;&apos;, meta) should log meta data with _logger" time="0" />
 </testsuite>
 <testsuite name="Utils" timestamp="2017-11-22T16:56:50" hostname="localhost" time="0" errors="0" tests="4" skipped="0" disabled="0" failures="0">
  <testcase classname="Utils" name="&apos;en-us&apos; locale should result in &apos;en&apos; language" time="0" />
  <testcase classname="Utils" name="&apos;de-DE&apos; locale should result in &apos;de&apos; language" time="0" />
  <testcase classname="Utils" name="empty locale should result in &apos;en&apos; language" time="0" />
  <testcase classname="Utils" name="null locale should log an error and result in &apos;en&apos; language" time="0" />
 </testsuite>
</testsuites>